0 info it worked if it ends with ok
1 verbose cli [ 'D:\\Program Files\\nodejs\\node.exe',
1 verbose cli   'D:\\Program Files\\nodejs\\node_modules\\npm\\bin\\npm-cli.js',
1 verbose cli   'install',
1 verbose cli   'react-native' ]
2 info using npm@3.10.10
3 info using node@v6.10.0
4 silly loadCurrentTree Starting
5 silly install loadCurrentTree
6 silly install readLocalPackageData
7 silly fetchPackageMetaData react-native
8 silly fetchNamedPackageData react-native
9 silly mapToRegistry name react-native
10 silly mapToRegistry using default registry
11 silly mapToRegistry registry https://registry.npmjs.org/
12 silly mapToRegistry data Result {
12 silly mapToRegistry   raw: 'react-native',
12 silly mapToRegistry   scope: null,
12 silly mapToRegistry   escapedName: 'react-native',
12 silly mapToRegistry   name: 'react-native',
12 silly mapToRegistry   rawSpec: '',
12 silly mapToRegistry   spec: 'latest',
12 silly mapToRegistry   type: 'tag' }
13 silly mapToRegistry uri https://registry.npmjs.org/react-native
14 verbose request uri https://registry.npmjs.org/react-native
15 verbose request no auth needed
16 info attempt registry request try #1 at 13:50:35
17 verbose request id 1f3b0f0791f8c6f8
18 http request GET https://registry.npmjs.org/react-native
19 http 200 https://registry.npmjs.org/react-native
20 verbose headers { server: 'nginx/1.10.1',
20 verbose headers   'content-type': 'application/json',
20 verbose headers   'last-modified': 'Tue, 21 Mar 2017 14:21:34 GMT',
20 verbose headers   etag: 'W/"58d136ee-c73bc"',
20 verbose headers   'content-encoding': 'gzip',
20 verbose headers   'cache-control': 'max-age=300',
20 verbose headers   'content-length': '30972',
20 verbose headers   'accept-ranges': 'bytes',
20 verbose headers   date: 'Wed, 29 Mar 2017 05:50:37 GMT',
20 verbose headers   via: '1.1 varnish',
20 verbose headers   age: '222',
20 verbose headers   connection: 'keep-alive',
20 verbose headers   'x-served-by': 'cache-nrt6121-NRT',
20 verbose headers   'x-cache': 'HIT',
20 verbose headers   'x-cache-hits': '1',
20 verbose headers   'x-timer': 'S1490766637.847348,VS0,VE0',
20 verbose headers   vary: 'Accept-Encoding' }
21 silly get cb [ 200,
21 silly get   { server: 'nginx/1.10.1',
21 silly get     'content-type': 'application/json',
21 silly get     'last-modified': 'Tue, 21 Mar 2017 14:21:34 GMT',
21 silly get     etag: 'W/"58d136ee-c73bc"',
21 silly get     'content-encoding': 'gzip',
21 silly get     'cache-control': 'max-age=300',
21 silly get     'content-length': '30972',
21 silly get     'accept-ranges': 'bytes',
21 silly get     date: 'Wed, 29 Mar 2017 05:50:37 GMT',
21 silly get     via: '1.1 varnish',
21 silly get     age: '222',
21 silly get     connection: 'keep-alive',
21 silly get     'x-served-by': 'cache-nrt6121-NRT',
21 silly get     'x-cache': 'HIT',
21 silly get     'x-cache-hits': '1',
21 silly get     'x-timer': 'S1490766637.847348,VS0,VE0',
21 silly get     vary: 'Accept-Encoding' } ]
22 verbose get saving react-native to C:\Users\Administrator\AppData\Roaming\npm-cache\registry.npmjs.org\react-native\.cache.json
23 verbose correctMkdir C:\Users\Administrator\AppData\Roaming\npm-cache correctMkdir not in flight; initializing
24 silly install normalizeTree
25 silly loadCurrentTree Finishing
26 silly loadIdealTree Starting
27 silly install loadIdealTree
28 silly cloneCurrentTree Starting
29 silly install cloneCurrentTreeToIdealTree
30 silly cloneCurrentTree Finishing
31 silly loadShrinkwrap Starting
32 silly install loadShrinkwrap
33 silly loadShrinkwrap Finishing
34 silly loadAllDepsIntoIdealTree Starting
35 silly install loadAllDepsIntoIdealTree
36 silly resolveWithNewModule react-native@0.42.3 checking installable status
37 silly cache add args [ 'react-native', null ]
38 verbose cache add spec react-native
39 silly cache add parsed spec Result {
39 silly cache add   raw: 'react-native',
39 silly cache add   scope: null,
39 silly cache add   escapedName: 'react-native',
39 silly cache add   name: 'react-native',
39 silly cache add   rawSpec: '',
39 silly cache add   spec: 'latest',
39 silly cache add   type: 'tag' }
40 silly addNamed react-native@latest
41 verbose addNamed "latest" is being treated as a dist-tag for react-native
42 info addNameTag [ 'react-native', 'latest' ]
43 silly mapToRegistry name react-native
44 silly mapToRegistry using default registry
45 silly mapToRegistry registry https://registry.npmjs.org/
46 silly mapToRegistry data Result {
46 silly mapToRegistry   raw: 'react-native',
46 silly mapToRegistry   scope: null,
46 silly mapToRegistry   escapedName: 'react-native',
46 silly mapToRegistry   name: 'react-native',
46 silly mapToRegistry   rawSpec: '',
46 silly mapToRegistry   spec: 'latest',
46 silly mapToRegistry   type: 'tag' }
47 silly mapToRegistry uri https://registry.npmjs.org/react-native
48 verbose addNameTag registry:https://registry.npmjs.org/react-native not in flight; fetching
49 verbose get https://registry.npmjs.org/react-native not expired, no request
50 silly addNameTag next cb for react-native with tag latest
51 silly addNamed react-native@0.42.3
52 verbose addNamed "0.42.3" is a plain semver version for react-native
53 silly mapToRegistry name react-native
54 silly mapToRegistry using default registry
55 silly mapToRegistry registry https://registry.npmjs.org/
56 silly mapToRegistry data Result {
56 silly mapToRegistry   raw: 'react-native',
56 silly mapToRegistry   scope: null,
56 silly mapToRegistry   escapedName: 'react-native',
56 silly mapToRegistry   name: 'react-native',
56 silly mapToRegistry   rawSpec: '',
56 silly mapToRegistry   spec: 'latest',
56 silly mapToRegistry   type: 'tag' }
57 silly mapToRegistry uri https://registry.npmjs.org/react-native
58 verbose addRemoteTarball https://registry.npmjs.org/react-native/-/react-native-0.42.3.tgz not in flight; adding
59 verbose addRemoteTarball [ 'https://registry.npmjs.org/react-native/-/react-native-0.42.3.tgz',
59 verbose addRemoteTarball   '450c8a03a5e3e991a08a426f22776dd8feb80b26' ]
60 info retry fetch attempt 1 at 13:50:39
61 info attempt registry request try #1 at 13:50:39
62 http fetch GET https://registry.npmjs.org/react-native/-/react-native-0.42.3.tgz
63 http fetch 200 https://registry.npmjs.org/react-native/-/react-native-0.42.3.tgz
64 info retry will retry, error on last attempt: Error: read ECONNRESET
65 silly fetchAndShaCheck shasum 450c8a03a5e3e991a08a426f22776dd8feb80b26
66 silly rollbackFailedOptional Starting
67 silly rollbackFailedOptional Finishing
68 silly runTopLevelLifecycles Finishing
69 silly install printInstalled
70 verbose stack Error: shasum check failed for C:\Users\ADMINI~1\AppData\Local\Temp\npm-6656-7fce5ee8\registry.npmjs.org\react-native\-\react-native-0.42.3.tgz
70 verbose stack Expected: 450c8a03a5e3e991a08a426f22776dd8feb80b26
70 verbose stack Actual:   a0748a3e4ce3f198dbd5d3102359302f5f98b150
70 verbose stack From:     https://registry.npmjs.org/react-native/-/react-native-0.42.3.tgz
70 verbose stack     at D:\Program Files\nodejs\node_modules\npm\node_modules\sha\index.js:25:8
70 verbose stack     at ReadStream.<anonymous> (D:\Program Files\nodejs\node_modules\npm\node_modules\sha\index.js:72:7)
70 verbose stack     at emitNone (events.js:91:20)
70 verbose stack     at ReadStream.emit (events.js:185:7)
70 verbose stack     at endReadableNT (_stream_readable.js:974:12)
70 verbose stack     at _combinedTickCallback (internal/process/next_tick.js:74:11)
70 verbose stack     at process._tickCallback (internal/process/next_tick.js:98:9)
71 verbose cwd E:\LH\1.源代码\浪花订单管理系统\LanghuaNew\LanghuaWapForCus\wap
72 error Windows_NT 10.0.14393
73 error argv "D:\\Program Files\\nodejs\\node.exe" "D:\\Program Files\\nodejs\\node_modules\\npm\\bin\\npm-cli.js" "install" "react-native"
74 error node v6.10.0
75 error npm  v3.10.10
76 error shasum check failed for C:\Users\ADMINI~1\AppData\Local\Temp\npm-6656-7fce5ee8\registry.npmjs.org\react-native\-\react-native-0.42.3.tgz
76 error Expected: 450c8a03a5e3e991a08a426f22776dd8feb80b26
76 error Actual:   a0748a3e4ce3f198dbd5d3102359302f5f98b150
76 error From:     https://registry.npmjs.org/react-native/-/react-native-0.42.3.tgz
77 error If you need help, you may report this error at:
77 error     <https://github.com/npm/npm/issues>
78 verbose exit [ 1, true ]
